<?xml version="1.0" encoding="UTF-8"?>
<!-- Generated by org.testng.reporters.JUnitReportReporter -->
<testsuite hostname="dus2k16dbvsql02" name="com.test.controller.Runner2" tests="1" failures="0" timestamp="14 May 2020 14:32:21 GMT" time="1627.912" errors="0">
  <testcase name="start" time="1627.912" classname="com.test.controller.Runner2"/>
</testsuite> <!-- com.test.controller.Runner2 -->
